<?xml version="1.0" encoding="UTF-8"?>
<!-- Generated by org.testng.reporters.JUnitReportReporter -->
<testsuite skipped="0" hostname="INBGL1WLX47657" name="Nagalearning.Tests.SubmitOrder" tests="3" failures="0" timestamp="16 Aug 2024 14:05:28 GMT" time="294.620" errors="0">
  <testcase name="SubmitOrder" time="138.873" classname="Nagalearning.Tests.SubmitOrder"/>
  <testcase name="SubmitOrder" time="149.548" classname="Nagalearning.Tests.SubmitOrder"/>
  <testcase name="verfiyOrderDetails" time="6.199" classname="Nagalearning.Tests.SubmitOrder"/>
</testsuite> <!-- Nagalearning.Tests.SubmitOrder -->
