<?xml version="1.0" encoding="UTF-8"?>
<!-- Generated by org.testng.reporters.JUnitReportReporter -->
<testsuite skipped="0" hostname="INBGL1WLX47657" name="Nagalearning.Tests.TestCase1moreoptimize" tests="1" failures="0" timestamp="03 Aug 2024 14:03:18 GMT" time="134.546" errors="0">
  <testcase name="SubmitOrder" time="134.546" classname="Nagalearning.Tests.TestCase1moreoptimize"/>
</testsuite> <!-- Nagalearning.Tests.TestCase1moreoptimize -->
